Running: C:\Xilinx\14.7\ISE_DS\ISE\bin\nt64\unwrapped\fuse.exe -intstyle ise -incremental -o D:/Users/Mati/Desktop/5 semestr/syf/wtorektest/vga_vga_sch_tb_isim_beh.exe -prj D:/Users/Mati/Desktop/5 semestr/syf/wtorektest/vga_vga_sch_tb_beh.prj work.vga_vga_sch_tb 
ISim P.20131013 (signature 0x7708f090)
Number of CPUs detected in this system: 4
Turning on mult-threading, number of parallel sub-compilation jobs: 8 
Determining compilation order of HDL files
Parsing VHDL file "D:/Users/Mati/Desktop/5 semestr/syf/wtorektest/vga_driver1.vhd" into library work
Parsing VHDL file "D:/Users/Mati/Desktop/5 semestr/syf/wtorektest/game3.vhd" into library work
Parsing VHDL file "D:/Users/Mati/Desktop/5 semestr/syf/wtorektest/vga.vhf" into library work
Parsing VHDL file "D:/Users/Mati/Desktop/5 semestr/syf/wtorektest/VGA_tb.vhd" into library work
Starting static elaboration
WARNING:HDLCompiler:89 - "D:/Users/Mati/Desktop/5 semestr/syf/wtorektest/vga.vhf" Line 96: <ps2_kbd> remains a black-box since it has no binding entity.
Completed static elaboration
WARNING:Simulator:648 - "D:/Users/Mati/Desktop/5 semestr/syf/wtorektest/vga.vhf" Line 96. Instance ps2_kbd is unbound
Compiling package standard
Compiling package std_logic_1164
Compiling package numeric_std
Compiling package textio
Compiling package vcomponents
Compiling architecture behavioral of entity vga_driver1 [vga_driver1_default]
Compiling architecture behavioral of entity game3 [game3_default]
Compiling architecture behavioral of entity vga [vga_default]
Compiling architecture behavioral of entity vga_vga_sch_tb
Time Resolution for simulation is 1ps.
Waiting for 1 sub-compilation(s) to finish...
Compiled 12 VHDL Units
Built simulation executable D:/Users/Mati/Desktop/5 semestr/syf/wtorektest/vga_vga_sch_tb_isim_beh.exe
Fuse Memory Usage: 52372 KB
Fuse CPU Usage: 1327 ms
