ISim log file
Running: D:\Users\Mati\Desktop\5 semestr\syf\wtorektest\vga_vga_sch_tb_isim_beh.exe -intstyle ise -gui -tclbatch isim.cmd -wdb d:/Users/Mati/Desktop/5 semestr/syf/wtorektest/vga_vga_sch_tb_isim_beh.wdb 
ISim P.20131013 (signature 0x7708f090)
WARNING: A WEBPACK license was found.
WARNING: Please use Xilinx License Configuration Manager to check out a full ISim license.
WARNING: ISim will run in Lite mode. Please refer to the ISim documentation for more information on the differences between the Lite and the Full version.
This is a Lite version of ISim.
Time resolution is 1 ps
# onerror resume
# wave add /
# run 1000 ns
Simulator is doing circuit initialization process.
at 0 ps, Instance /vga_vga_sch_tb/UUT/XLXI_19/ : Warning: NUMERIC_STD.TO_INTEGER: metavalue detected, returning 0
at 0 ps, Instance /vga_vga_sch_tb/UUT/XLXI_19/ : Warning: NUMERIC_STD.TO_INTEGER: metavalue detected, returning 0
at 0 ps, Instance /vga_vga_sch_tb/UUT/XLXI_19/ : Warning: NUMERIC_STD.TO_INTEGER: metavalue detected, returning 0
Finished circuit initialization process.
# run all
HS Pulse Width: 3.84 us
HS Period: 32 us
VS Pulse Width: 64 us
VS Period: 16.672 ms
Stopped at time : 502932240 ns : File "D:/Users/Mati/Desktop/5 semestr/syf/wtorektest/vga_driver1.vhd" Line 90
