Command line:
   vga_vga_sch_tb_isim_beh.exe
     -simmode  gui
     -simrunnum  0
     -socket  60509

Fri May 14 09:23:48 2021


 Elaboration Time: 0.046875 sec

 Current Memory Usage: 5149.87 Meg

 Total Signals          : 186
 Total Nets             : 186
 Total Signal Drivers   : 127
 Total Blocks           : 8
 Total Primitive Blocks : 6
 Total Processes        : 17
 Total Traceable Variables  : 240
 Total Scalar Nets and Variables : 1586
Total Line Count : 241

 Total Simulation Time: 11.8125 sec

 Current Memory Usage: 5149.87 Meg

Fri May 14 09:24:04 2021

